{
  "RSpec": {
    "coverage": {
      "/app/app/helpers/application_helper.rb": [
        1,
        1,
        1,
        null,
        null,
        1,
        0,
        null,
        null,
        1,
        1,
        1,
        null,
        0,
        null,
        null,
        null,
        1,
        1,
        null,
        null
      ],
      "/app/app/controllers/static_controller.rb": [
        1,
        1,
        null,
        null
      ],
      "/app/app/controllers/application_controller.rb": [
        1,
        null,
        null,
        1,
        null
      ]
    },
    "timestamp": 1410962898
  }
}
